<?xml version="1.0" encoding="UTF-8"?>
<testsuite name="leftjoin.LeftJoinTest" tests="1" skipped="0" failures="0" errors="0" timestamp="2021-06-02T01:41:42" hostname="DESKTOP-JAPMI21" time="0.008">
  <properties/>
  <testcase name="testLeftJoin" classname="leftjoin.LeftJoinTest" time="0.008"/>
  <system-out><![CDATA[]]></system-out>
  <system-err><![CDATA[]]></system-err>
</testsuite>
